[01:56:44] Starting Registry Scan in: c:/users/pino4/onedrive/documentos/arma 3 - other profiles/aquafox/mpmissions/test/tanoa_pxg_template.tanoa/scripts/factions
[01:56:44] Scan SUCCESS: 7 factions found.
[01:59:48] Starting Registry Scan in: c:/users/pino4/onedrive/documentos/arma 3 - other profiles/aquafox/mpmissions/test/tanoa_pxg_template.tanoa/scripts/factions
[01:59:48] Scan SUCCESS: 7 factions found.
[02:11:08] Saved faction file: C:/Users/pino4/OneDrive/Documentos/Arma 3 - Other Profiles/AquaFox/mpmissions/TEST/Tanoa_PXG_Template.Tanoa/Scripts/Factions/BLUFOR/British Armed Forces/Army/Modern/Woodland/Faction_Core.sqf
[02:11:08] Starting Registry Scan in: c:/users/pino4/onedrive/documentos/arma 3 - other profiles/aquafox/mpmissions/test/tanoa_pxg_template.tanoa/scripts/factions
[02:11:08] Scan SUCCESS: 8 factions found.
[02:11:08] LOGIC ERROR: [Errno 13] Permission denied: 'c:\\users\\pino4\\onedrive\\documentos\\arma 3 - other profiles\\aquafox\\mpmissions\\test\\tanoa_pxg_template.tanoa\\scripts\\factions\\factions_registry.sqf'
Traceback (most recent call last):
  File "C:\Users/pino4/OneDrive/Documentos/Arma 3 - Other Profiles/AquaFox/mpmissions/TEST/Tanoa_PXG_Template.Tanoa/Scripts/Faction_Builder_Tool\fbt_manager.py", line 173, in update_registry
    if _force_write(registry_path, content):
  File "C:\Users/pino4/OneDrive/Documentos/Arma 3 - Other Profiles/AquaFox/mpmissions/TEST/Tanoa_PXG_Template.Tanoa/Scripts/Faction_Builder_Tool\fbt_manager.py", line 14, in _force_write
    with open(path, "w", encoding="utf-8") as f:
PermissionError: [Errno 13] Permission denied: 'c:\\users\\pino4\\onedrive\\documentos\\arma 3 - other profiles\\aquafox\\mpmissions\\test\\tanoa_pxg_template.tanoa\\scripts\\factions\\factions_registry.sqf'

[02:16:11] Starting Registry Scan in: c:/users/pino4/onedrive/documentos/arma 3 - other profiles/aquafox/mpmissions/test/tanoa_pxg_template.tanoa/scripts/factions
[02:16:11] Scan SUCCESS: 8 factions found.
[02:21:59] Saved faction file: C:/Users/pino4/OneDrive/Documentos/Arma 3 - Other Profiles/AquaFox/mpmissions/TEST/Tanoa_PXG_Template.Tanoa/Scripts/Factions/BLUFOR/British Armed Forces/Army/Modern/Woodland/Faction_Core.sqf
[02:21:59] Starting Registry Scan in: c:/users/pino4/onedrive/documentos/arma 3 - other profiles/aquafox/mpmissions/test/tanoa_pxg_template.tanoa/scripts/factions
[02:21:59] Scan SUCCESS: 6 factions found.
[02:21:59] Retrying write due to lock (1/10): [WinError 5] Access is denied: 'c:\\users\\pino4\\onedrive\\documentos\\arma 3 - other profiles\\aquafox\\mpmissions\\test\\tanoa_pxg_template.tanoa\\scripts\\factions\\Factions_Registry.sqf.tmp' -> 'c:\\users\\pino4\\onedrive\\documentos\\arma 3 - other profiles\\aquafox\\mpmissions\\test\\tanoa_pxg_template.tanoa\\scripts\\factions\\Factions_Registry.sqf'
[02:21:59] Retrying write due to lock (2/10): [WinError 5] Access is denied: 'c:\\users\\pino4\\onedrive\\documentos\\arma 3 - other profiles\\aquafox\\mpmissions\\test\\tanoa_pxg_template.tanoa\\scripts\\factions\\Factions_Registry.sqf.tmp' -> 'c:\\users\\pino4\\onedrive\\documentos\\arma 3 - other profiles\\aquafox\\mpmissions\\test\\tanoa_pxg_template.tanoa\\scripts\\factions\\Factions_Registry.sqf'
[02:22:00] Retrying write due to lock (3/10): [WinError 5] Access is denied: 'c:\\users\\pino4\\onedrive\\documentos\\arma 3 - other profiles\\aquafox\\mpmissions\\test\\tanoa_pxg_template.tanoa\\scripts\\factions\\Factions_Registry.sqf.tmp' -> 'c:\\users\\pino4\\onedrive\\documentos\\arma 3 - other profiles\\aquafox\\mpmissions\\test\\tanoa_pxg_template.tanoa\\scripts\\factions\\Factions_Registry.sqf'
[02:22:00] Retrying write due to lock (4/10): [WinError 5] Access is denied: 'c:\\users\\pino4\\onedrive\\documentos\\arma 3 - other profiles\\aquafox\\mpmissions\\test\\tanoa_pxg_template.tanoa\\scripts\\factions\\Factions_Registry.sqf.tmp' -> 'c:\\users\\pino4\\onedrive\\documentos\\arma 3 - other profiles\\aquafox\\mpmissions\\test\\tanoa_pxg_template.tanoa\\scripts\\factions\\Factions_Registry.sqf'
[02:22:00] Retrying write due to lock (5/10): [WinError 5] Access is denied: 'c:\\users\\pino4\\onedrive\\documentos\\arma 3 - other profiles\\aquafox\\mpmissions\\test\\tanoa_pxg_template.tanoa\\scripts\\factions\\Factions_Registry.sqf.tmp' -> 'c:\\users\\pino4\\onedrive\\documentos\\arma 3 - other profiles\\aquafox\\mpmissions\\test\\tanoa_pxg_template.tanoa\\scripts\\factions\\Factions_Registry.sqf'
[02:22:00] Retrying write due to lock (6/10): [WinError 5] Access is denied: 'c:\\users\\pino4\\onedrive\\documentos\\arma 3 - other profiles\\aquafox\\mpmissions\\test\\tanoa_pxg_template.tanoa\\scripts\\factions\\Factions_Registry.sqf.tmp' -> 'c:\\users\\pino4\\onedrive\\documentos\\arma 3 - other profiles\\aquafox\\mpmissions\\test\\tanoa_pxg_template.tanoa\\scripts\\factions\\Factions_Registry.sqf'
[02:22:01] Retrying write due to lock (7/10): [WinError 5] Access is denied: 'c:\\users\\pino4\\onedrive\\documentos\\arma 3 - other profiles\\aquafox\\mpmissions\\test\\tanoa_pxg_template.tanoa\\scripts\\factions\\Factions_Registry.sqf.tmp' -> 'c:\\users\\pino4\\onedrive\\documentos\\arma 3 - other profiles\\aquafox\\mpmissions\\test\\tanoa_pxg_template.tanoa\\scripts\\factions\\Factions_Registry.sqf'
[02:22:01] Retrying write due to lock (8/10): [WinError 5] Access is denied: 'c:\\users\\pino4\\onedrive\\documentos\\arma 3 - other profiles\\aquafox\\mpmissions\\test\\tanoa_pxg_template.tanoa\\scripts\\factions\\Factions_Registry.sqf.tmp' -> 'c:\\users\\pino4\\onedrive\\documentos\\arma 3 - other profiles\\aquafox\\mpmissions\\test\\tanoa_pxg_template.tanoa\\scripts\\factions\\Factions_Registry.sqf'
[02:22:01] Retrying write due to lock (9/10): [WinError 5] Access is denied: 'c:\\users\\pino4\\onedrive\\documentos\\arma 3 - other profiles\\aquafox\\mpmissions\\test\\tanoa_pxg_template.tanoa\\scripts\\factions\\Factions_Registry.sqf.tmp' -> 'c:\\users\\pino4\\onedrive\\documentos\\arma 3 - other profiles\\aquafox\\mpmissions\\test\\tanoa_pxg_template.tanoa\\scripts\\factions\\Factions_Registry.sqf'
[02:22:02] FATAL WRITE ERROR after 10 tries: [WinError 5] Access is denied: 'c:\\users\\pino4\\onedrive\\documentos\\arma 3 - other profiles\\aquafox\\mpmissions\\test\\tanoa_pxg_template.tanoa\\scripts\\factions\\Factions_Registry.sqf.tmp' -> 'c:\\users\\pino4\\onedrive\\documentos\\arma 3 - other profiles\\aquafox\\mpmissions\\test\\tanoa_pxg_template.tanoa\\scripts\\factions\\Factions_Registry.sqf'
[02:22:02] LOGIC ERROR: [WinError 5] Access is denied: 'c:\\users\\pino4\\onedrive\\documentos\\arma 3 - other profiles\\aquafox\\mpmissions\\test\\tanoa_pxg_template.tanoa\\scripts\\factions\\Factions_Registry.sqf.tmp' -> 'c:\\users\\pino4\\onedrive\\documentos\\arma 3 - other profiles\\aquafox\\mpmissions\\test\\tanoa_pxg_template.tanoa\\scripts\\factions\\Factions_Registry.sqf'
Traceback (most recent call last):
  File "C:\Users/pino4/OneDrive/Documentos/Arma 3 - Other Profiles/AquaFox/mpmissions/TEST/Tanoa_PXG_Template.Tanoa/Scripts/Faction_Builder_Tool\fbt_manager.py", line 193, in update_registry
    if _force_write(mission_root, registry_path_fixed, content):
  File "C:\Users/pino4/OneDrive/Documentos/Arma 3 - Other Profiles/AquaFox/mpmissions/TEST/Tanoa_PXG_Template.Tanoa/Scripts/Faction_Builder_Tool\fbt_manager.py", line 29, in _force_write
    os.replace(tmp_path, path)
PermissionError: [WinError 5] Access is denied: 'c:\\users\\pino4\\onedrive\\documentos\\arma 3 - other profiles\\aquafox\\mpmissions\\test\\tanoa_pxg_template.tanoa\\scripts\\factions\\Factions_Registry.sqf.tmp' -> 'c:\\users\\pino4\\onedrive\\documentos\\arma 3 - other profiles\\aquafox\\mpmissions\\test\\tanoa_pxg_template.tanoa\\scripts\\factions\\Factions_Registry.sqf'

[02:39:53] Starting Registry Scan in: c:/users/pino4/onedrive/documentos/arma 3 - other profiles/aquafox/mpmissions/test/tanoa_pxg_template.tanoa/scripts/factions
[02:39:53] Scan SUCCESS: 6 factions found.
[02:44:15] Saved faction file: C:/Users/pino4/OneDrive/Documentos/Arma 3 - Other Profiles/AquaFox/mpmissions/TEST/Tanoa_PXG_Template.Tanoa/Scripts/Factions/BLUFOR/British Armed Forces/Army/Modern/Blue/Faction_Core.sqf
[02:44:15] Starting Registry Scan in: c:/users/pino4/onedrive/documentos/arma 3 - other profiles/aquafox/mpmissions/test/tanoa_pxg_template.tanoa/scripts/factions
[02:44:15] Scan SUCCESS: 6 factions found.
[02:44:15] Retrying direct write due to lock (1/10): [Errno 13] Permission denied: 'c:\\users\\pino4\\onedrive\\documentos\\arma 3 - other profiles\\aquafox\\mpmissions\\test\\tanoa_pxg_template.tanoa\\scripts\\factions\\Factions_Registry.sqf'
[02:44:15] Retrying direct write due to lock (2/10): [Errno 13] Permission denied: 'c:\\users\\pino4\\onedrive\\documentos\\arma 3 - other profiles\\aquafox\\mpmissions\\test\\tanoa_pxg_template.tanoa\\scripts\\factions\\Factions_Registry.sqf'
[02:44:15] Retrying direct write due to lock (3/10): [Errno 13] Permission denied: 'c:\\users\\pino4\\onedrive\\documentos\\arma 3 - other profiles\\aquafox\\mpmissions\\test\\tanoa_pxg_template.tanoa\\scripts\\factions\\Factions_Registry.sqf'
[02:44:16] Retrying direct write due to lock (4/10): [Errno 13] Permission denied: 'c:\\users\\pino4\\onedrive\\documentos\\arma 3 - other profiles\\aquafox\\mpmissions\\test\\tanoa_pxg_template.tanoa\\scripts\\factions\\Factions_Registry.sqf'
[02:44:16] Retrying direct write due to lock (5/10): [Errno 13] Permission denied: 'c:\\users\\pino4\\onedrive\\documentos\\arma 3 - other profiles\\aquafox\\mpmissions\\test\\tanoa_pxg_template.tanoa\\scripts\\factions\\Factions_Registry.sqf'
[02:44:16] Retrying direct write due to lock (6/10): [Errno 13] Permission denied: 'c:\\users\\pino4\\onedrive\\documentos\\arma 3 - other profiles\\aquafox\\mpmissions\\test\\tanoa_pxg_template.tanoa\\scripts\\factions\\Factions_Registry.sqf'
[02:44:17] Retrying direct write due to lock (7/10): [Errno 13] Permission denied: 'c:\\users\\pino4\\onedrive\\documentos\\arma 3 - other profiles\\aquafox\\mpmissions\\test\\tanoa_pxg_template.tanoa\\scripts\\factions\\Factions_Registry.sqf'
[02:44:17] Retrying direct write due to lock (8/10): [Errno 13] Permission denied: 'c:\\users\\pino4\\onedrive\\documentos\\arma 3 - other profiles\\aquafox\\mpmissions\\test\\tanoa_pxg_template.tanoa\\scripts\\factions\\Factions_Registry.sqf'
[02:44:18] Retrying direct write due to lock (9/10): [Errno 13] Permission denied: 'c:\\users\\pino4\\onedrive\\documentos\\arma 3 - other profiles\\aquafox\\mpmissions\\test\\tanoa_pxg_template.tanoa\\scripts\\factions\\Factions_Registry.sqf'
[02:44:18] FATAL WRITE ERROR after 10 tries: [Errno 13] Permission denied: 'c:\\users\\pino4\\onedrive\\documentos\\arma 3 - other profiles\\aquafox\\mpmissions\\test\\tanoa_pxg_template.tanoa\\scripts\\factions\\Factions_Registry.sqf'
[02:44:18] LOGIC ERROR: [Errno 13] Permission denied: 'c:\\users\\pino4\\onedrive\\documentos\\arma 3 - other profiles\\aquafox\\mpmissions\\test\\tanoa_pxg_template.tanoa\\scripts\\factions\\Factions_Registry.sqf'
Traceback (most recent call last):
  File "C:\Users/pino4/OneDrive/Documentos/Arma 3 - Other Profiles/AquaFox/mpmissions/TEST/Tanoa_PXG_Template.Tanoa/Scripts/Faction_Builder_Tool\fbt_manager.py", line 188, in update_registry
    if _force_write(mission_root, registry_path, content):
  File "C:\Users/pino4/OneDrive/Documentos/Arma 3 - Other Profiles/AquaFox/mpmissions/TEST/Tanoa_PXG_Template.Tanoa/Scripts/Faction_Builder_Tool\fbt_manager.py", line 22, in _force_write
    with open(path, "w", encoding="utf-8") as f:
PermissionError: [Errno 13] Permission denied: 'c:\\users\\pino4\\onedrive\\documentos\\arma 3 - other profiles\\aquafox\\mpmissions\\test\\tanoa_pxg_template.tanoa\\scripts\\factions\\Factions_Registry.sqf'

[02:59:54] Starting Registry Scan in: c:/users/pino4/onedrive/documentos/arma 3 - other profiles/aquafox/mpmissions/test/tanoa_pxg_template.tanoa/scripts/factions
[02:59:54] Scan SUCCESS: 6 factions found.
[03:06:29] Saved faction file: C:/Users/pino4/OneDrive/Documentos/Arma 3 - Other Profiles/AquaFox/mpmissions/TEST/Tanoa_PXG_Template.Tanoa/Scripts/Factions/BLUFOR/British Armed Forces/Army/TEST/Blue/Faction_Core.sqf
[03:06:29] Starting Registry Scan in: c:/users/pino4/onedrive/documentos/arma 3 - other profiles/aquafox/mpmissions/test/tanoa_pxg_template.tanoa/scripts/factions
[03:06:29] Scan SUCCESS: 7 factions found.
[03:06:29] Retrying direct write due to lock (1/10): [Errno 13] Permission denied: 'c:\\users\\pino4\\onedrive\\documentos\\arma 3 - other profiles\\aquafox\\mpmissions\\test\\tanoa_pxg_template.tanoa\\scripts\\factions\\FBT_Registry_Generated.sqf'
[03:06:29] Retrying direct write due to lock (2/10): [Errno 13] Permission denied: 'c:\\users\\pino4\\onedrive\\documentos\\arma 3 - other profiles\\aquafox\\mpmissions\\test\\tanoa_pxg_template.tanoa\\scripts\\factions\\FBT_Registry_Generated.sqf'
[03:06:30] Retrying direct write due to lock (3/10): [Errno 13] Permission denied: 'c:\\users\\pino4\\onedrive\\documentos\\arma 3 - other profiles\\aquafox\\mpmissions\\test\\tanoa_pxg_template.tanoa\\scripts\\factions\\FBT_Registry_Generated.sqf'
[03:06:30] Retrying direct write due to lock (4/10): [Errno 13] Permission denied: 'c:\\users\\pino4\\onedrive\\documentos\\arma 3 - other profiles\\aquafox\\mpmissions\\test\\tanoa_pxg_template.tanoa\\scripts\\factions\\FBT_Registry_Generated.sqf'
[03:06:31] Retrying direct write due to lock (5/10): [Errno 13] Permission denied: 'c:\\users\\pino4\\onedrive\\documentos\\arma 3 - other profiles\\aquafox\\mpmissions\\test\\tanoa_pxg_template.tanoa\\scripts\\factions\\FBT_Registry_Generated.sqf'
[03:06:31] Retrying direct write due to lock (6/10): [Errno 13] Permission denied: 'c:\\users\\pino4\\onedrive\\documentos\\arma 3 - other profiles\\aquafox\\mpmissions\\test\\tanoa_pxg_template.tanoa\\scripts\\factions\\FBT_Registry_Generated.sqf'
[03:06:31] Retrying direct write due to lock (7/10): [Errno 13] Permission denied: 'c:\\users\\pino4\\onedrive\\documentos\\arma 3 - other profiles\\aquafox\\mpmissions\\test\\tanoa_pxg_template.tanoa\\scripts\\factions\\FBT_Registry_Generated.sqf'
[03:06:32] Retrying direct write due to lock (8/10): [Errno 13] Permission denied: 'c:\\users\\pino4\\onedrive\\documentos\\arma 3 - other profiles\\aquafox\\mpmissions\\test\\tanoa_pxg_template.tanoa\\scripts\\factions\\FBT_Registry_Generated.sqf'
[03:06:32] Retrying direct write due to lock (9/10): [Errno 13] Permission denied: 'c:\\users\\pino4\\onedrive\\documentos\\arma 3 - other profiles\\aquafox\\mpmissions\\test\\tanoa_pxg_template.tanoa\\scripts\\factions\\FBT_Registry_Generated.sqf'
[03:06:32] FATAL WRITE ERROR after 10 tries: [Errno 13] Permission denied: 'c:\\users\\pino4\\onedrive\\documentos\\arma 3 - other profiles\\aquafox\\mpmissions\\test\\tanoa_pxg_template.tanoa\\scripts\\factions\\FBT_Registry_Generated.sqf'
[03:06:32] LOGIC ERROR: [Errno 13] Permission denied: 'c:\\users\\pino4\\onedrive\\documentos\\arma 3 - other profiles\\aquafox\\mpmissions\\test\\tanoa_pxg_template.tanoa\\scripts\\factions\\FBT_Registry_Generated.sqf'
Traceback (most recent call last):
  File "C:\Users/pino4/OneDrive/Documentos/Arma 3 - Other Profiles/AquaFox/mpmissions/TEST/Tanoa_PXG_Template.Tanoa/Scripts/Faction_Builder_Tool\fbt_manager.py", line 189, in update_registry
    if _force_write(mission_root, registry_path, content):
  File "C:\Users/pino4/OneDrive/Documentos/Arma 3 - Other Profiles/AquaFox/mpmissions/TEST/Tanoa_PXG_Template.Tanoa/Scripts/Faction_Builder_Tool\fbt_manager.py", line 22, in _force_write
    with open(path, "w", encoding="utf-8") as f:
PermissionError: [Errno 13] Permission denied: 'c:\\users\\pino4\\onedrive\\documentos\\arma 3 - other profiles\\aquafox\\mpmissions\\test\\tanoa_pxg_template.tanoa\\scripts\\factions\\FBT_Registry_Generated.sqf'

[04:32:28] Starting Registry Scan in: c:/users/pino4/onedrive/documentos/arma 3 - other profiles/aquafox/mpmissions/test/tanoa_pxg_template.tanoa/scripts/factions
[04:32:28] Scan SUCCESS: 5 factions found.
[04:33:17] Starting Registry Scan in: c:/users/pino4/onedrive/documentos/arma 3 - other profiles/aquafox/mpmissions/test/tanoa_pxg_template.tanoa/scripts/factions
[04:33:17] Scan SUCCESS: 5 factions found.
[04:33:17] Retrying direct write due to lock (1/10): [Errno 13] Permission denied: 'c:\\users\\pino4\\onedrive\\documentos\\arma 3 - other profiles\\aquafox\\mpmissions\\test\\tanoa_pxg_template.tanoa\\scripts\\factions\\FBT_Registry_Generated.sqf'
[04:33:17] Retrying direct write due to lock (2/10): [Errno 13] Permission denied: 'c:\\users\\pino4\\onedrive\\documentos\\arma 3 - other profiles\\aquafox\\mpmissions\\test\\tanoa_pxg_template.tanoa\\scripts\\factions\\FBT_Registry_Generated.sqf'
[04:33:17] Retrying direct write due to lock (3/10): [Errno 13] Permission denied: 'c:\\users\\pino4\\onedrive\\documentos\\arma 3 - other profiles\\aquafox\\mpmissions\\test\\tanoa_pxg_template.tanoa\\scripts\\factions\\FBT_Registry_Generated.sqf'
[04:33:18] Retrying direct write due to lock (4/10): [Errno 13] Permission denied: 'c:\\users\\pino4\\onedrive\\documentos\\arma 3 - other profiles\\aquafox\\mpmissions\\test\\tanoa_pxg_template.tanoa\\scripts\\factions\\FBT_Registry_Generated.sqf'
[04:33:18] Retrying direct write due to lock (5/10): [Errno 13] Permission denied: 'c:\\users\\pino4\\onedrive\\documentos\\arma 3 - other profiles\\aquafox\\mpmissions\\test\\tanoa_pxg_template.tanoa\\scripts\\factions\\FBT_Registry_Generated.sqf'
[04:33:18] Retrying direct write due to lock (6/10): [Errno 13] Permission denied: 'c:\\users\\pino4\\onedrive\\documentos\\arma 3 - other profiles\\aquafox\\mpmissions\\test\\tanoa_pxg_template.tanoa\\scripts\\factions\\FBT_Registry_Generated.sqf'
[04:33:19] Retrying direct write due to lock (7/10): [Errno 13] Permission denied: 'c:\\users\\pino4\\onedrive\\documentos\\arma 3 - other profiles\\aquafox\\mpmissions\\test\\tanoa_pxg_template.tanoa\\scripts\\factions\\FBT_Registry_Generated.sqf'
[04:33:19] Retrying direct write due to lock (8/10): [Errno 13] Permission denied: 'c:\\users\\pino4\\onedrive\\documentos\\arma 3 - other profiles\\aquafox\\mpmissions\\test\\tanoa_pxg_template.tanoa\\scripts\\factions\\FBT_Registry_Generated.sqf'
[04:33:20] Retrying direct write due to lock (9/10): [Errno 13] Permission denied: 'c:\\users\\pino4\\onedrive\\documentos\\arma 3 - other profiles\\aquafox\\mpmissions\\test\\tanoa_pxg_template.tanoa\\scripts\\factions\\FBT_Registry_Generated.sqf'
[04:33:20] FATAL WRITE ERROR after 10 tries: [Errno 13] Permission denied: 'c:\\users\\pino4\\onedrive\\documentos\\arma 3 - other profiles\\aquafox\\mpmissions\\test\\tanoa_pxg_template.tanoa\\scripts\\factions\\FBT_Registry_Generated.sqf'
[04:33:20] FAILED TO WRITE: c:/users/pino4/onedrive/documentos/arma 3 - other profiles/aquafox/mpmissions/test/tanoa_pxg_template.tanoa/scripts/factions/FBT_Registry_Generated.sqf
[00:52:13] Starting Registry Scan in: c:/users/pino4/onedrive/documentos/arma 3 - other profiles/aquafox/mpmissions/test/tanoa_pxg_template.tanoa/scripts/factions
[00:52:13] Scan SUCCESS: 5 factions found.
[00:52:13] Retrying direct write due to lock (1/10): [Errno 13] Permission denied: 'c:\\users\\pino4\\onedrive\\documentos\\arma 3 - other profiles\\aquafox\\mpmissions\\test\\tanoa_pxg_template.tanoa\\scripts\\factions\\FBT_Registry_Generated.sqf'
[00:52:14] Retrying direct write due to lock (2/10): [Errno 13] Permission denied: 'c:\\users\\pino4\\onedrive\\documentos\\arma 3 - other profiles\\aquafox\\mpmissions\\test\\tanoa_pxg_template.tanoa\\scripts\\factions\\FBT_Registry_Generated.sqf'
[00:52:14] Retrying direct write due to lock (3/10): [Errno 13] Permission denied: 'c:\\users\\pino4\\onedrive\\documentos\\arma 3 - other profiles\\aquafox\\mpmissions\\test\\tanoa_pxg_template.tanoa\\scripts\\factions\\FBT_Registry_Generated.sqf'
[00:52:14] Retrying direct write due to lock (4/10): [Errno 13] Permission denied: 'c:\\users\\pino4\\onedrive\\documentos\\arma 3 - other profiles\\aquafox\\mpmissions\\test\\tanoa_pxg_template.tanoa\\scripts\\factions\\FBT_Registry_Generated.sqf'
[00:52:15] Retrying direct write due to lock (5/10): [Errno 13] Permission denied: 'c:\\users\\pino4\\onedrive\\documentos\\arma 3 - other profiles\\aquafox\\mpmissions\\test\\tanoa_pxg_template.tanoa\\scripts\\factions\\FBT_Registry_Generated.sqf'
[00:52:15] Retrying direct write due to lock (6/10): [Errno 13] Permission denied: 'c:\\users\\pino4\\onedrive\\documentos\\arma 3 - other profiles\\aquafox\\mpmissions\\test\\tanoa_pxg_template.tanoa\\scripts\\factions\\FBT_Registry_Generated.sqf'
[00:52:15] Retrying direct write due to lock (7/10): [Errno 13] Permission denied: 'c:\\users\\pino4\\onedrive\\documentos\\arma 3 - other profiles\\aquafox\\mpmissions\\test\\tanoa_pxg_template.tanoa\\scripts\\factions\\FBT_Registry_Generated.sqf'
[00:52:16] Retrying direct write due to lock (8/10): [Errno 13] Permission denied: 'c:\\users\\pino4\\onedrive\\documentos\\arma 3 - other profiles\\aquafox\\mpmissions\\test\\tanoa_pxg_template.tanoa\\scripts\\factions\\FBT_Registry_Generated.sqf'
[00:52:16] Retrying direct write due to lock (9/10): [Errno 13] Permission denied: 'c:\\users\\pino4\\onedrive\\documentos\\arma 3 - other profiles\\aquafox\\mpmissions\\test\\tanoa_pxg_template.tanoa\\scripts\\factions\\FBT_Registry_Generated.sqf'
[00:52:17] FATAL WRITE ERROR after 10 tries: [Errno 13] Permission denied: 'c:\\users\\pino4\\onedrive\\documentos\\arma 3 - other profiles\\aquafox\\mpmissions\\test\\tanoa_pxg_template.tanoa\\scripts\\factions\\FBT_Registry_Generated.sqf'
[00:52:17] FAILED TO WRITE: c:/users/pino4/onedrive/documentos/arma 3 - other profiles/aquafox/mpmissions/test/tanoa_pxg_template.tanoa/scripts/factions/FBT_Registry_Generated.sqf
[18:30:57] Starting Registry Scan in: c:/users/pino4/onedrive/documentos/arma 3 - other profiles/aquafox/mpmissions/test/tanoa_pxg_template.tanoa/scripts/factions
[18:30:57] Scan SUCCESS: 5 factions found.
[18:30:58] REGISTRY UPDATED: 5 entries indexed.
[18:33:42] Starting Registry Scan in: c:/users/pino4/onedrive/documentos/arma 3 - other profiles/aquafox/mpmissions/test/tanoa_pxg_template.tanoa/scripts/factions
[18:33:42] Scan SUCCESS: 5 factions found.
[18:33:42] Retrying direct write due to lock (1/10): [Errno 13] Permission denied: 'c:\\users\\pino4\\onedrive\\documentos\\arma 3 - other profiles\\aquafox\\mpmissions\\test\\tanoa_pxg_template.tanoa\\scripts\\factions\\factions_registry.sqf'
[18:33:43] Retrying direct write due to lock (2/10): [Errno 13] Permission denied: 'c:\\users\\pino4\\onedrive\\documentos\\arma 3 - other profiles\\aquafox\\mpmissions\\test\\tanoa_pxg_template.tanoa\\scripts\\factions\\factions_registry.sqf'
[18:33:43] Retrying direct write due to lock (3/10): [Errno 13] Permission denied: 'c:\\users\\pino4\\onedrive\\documentos\\arma 3 - other profiles\\aquafox\\mpmissions\\test\\tanoa_pxg_template.tanoa\\scripts\\factions\\factions_registry.sqf'
[18:33:43] Retrying direct write due to lock (4/10): [Errno 13] Permission denied: 'c:\\users\\pino4\\onedrive\\documentos\\arma 3 - other profiles\\aquafox\\mpmissions\\test\\tanoa_pxg_template.tanoa\\scripts\\factions\\factions_registry.sqf'
[18:33:44] Retrying direct write due to lock (5/10): [Errno 13] Permission denied: 'c:\\users\\pino4\\onedrive\\documentos\\arma 3 - other profiles\\aquafox\\mpmissions\\test\\tanoa_pxg_template.tanoa\\scripts\\factions\\factions_registry.sqf'
[18:33:44] Retrying direct write due to lock (6/10): [Errno 13] Permission denied: 'c:\\users\\pino4\\onedrive\\documentos\\arma 3 - other profiles\\aquafox\\mpmissions\\test\\tanoa_pxg_template.tanoa\\scripts\\factions\\factions_registry.sqf'
[18:33:45] Retrying direct write due to lock (7/10): [Errno 13] Permission denied: 'c:\\users\\pino4\\onedrive\\documentos\\arma 3 - other profiles\\aquafox\\mpmissions\\test\\tanoa_pxg_template.tanoa\\scripts\\factions\\factions_registry.sqf'
[18:33:45] Retrying direct write due to lock (8/10): [Errno 13] Permission denied: 'c:\\users\\pino4\\onedrive\\documentos\\arma 3 - other profiles\\aquafox\\mpmissions\\test\\tanoa_pxg_template.tanoa\\scripts\\factions\\factions_registry.sqf'
[18:33:45] Retrying direct write due to lock (9/10): [Errno 13] Permission denied: 'c:\\users\\pino4\\onedrive\\documentos\\arma 3 - other profiles\\aquafox\\mpmissions\\test\\tanoa_pxg_template.tanoa\\scripts\\factions\\factions_registry.sqf'
[18:33:46] FATAL WRITE ERROR after 10 tries: [Errno 13] Permission denied: 'c:\\users\\pino4\\onedrive\\documentos\\arma 3 - other profiles\\aquafox\\mpmissions\\test\\tanoa_pxg_template.tanoa\\scripts\\factions\\factions_registry.sqf'
[18:33:46] FAILED TO WRITE REGISTRY: c:/users/pino4/onedrive/documentos/arma 3 - other profiles/aquafox/mpmissions/test/tanoa_pxg_template.tanoa/scripts/factions/factions_registry.sqf
[18:36:30] Starting Registry Scan in: c:/users/pino4/onedrive/documentos/arma 3 - other profiles/aquafox/mpmissions/test/tanoa_pxg_template.tanoa/scripts/factions
[18:36:30] Scan SUCCESS: 5 factions found.
[18:36:30] REGISTRY UPDATED: 5 entries indexed.
[18:39:52] Saved: Scripts/Factions/BLUFOR/British Armed Forces/Army/Modern/Woodland
[18:43:43] Starting Registry Scan in: c:/users/pino4/onedrive/documentos/arma 3 - other profiles/aquafox/mpmissions/test/tanoa_pxg_template.tanoa/scripts/factions
[18:43:43] Scan SUCCESS: 6 factions found.
[18:43:43] REGISTRY UPDATED: 6 entries indexed.
[18:49:10] Saved: Scripts/Factions/BLUFOR/British Armed Forces/Army/Modern/Woodland
[18:54:52] Starting Registry Scan in: c:/users/pino4/onedrive/documentos/arma 3 - other profiles/aquafox/mpmissions/test/tanoa_pxg_template.tanoa/scripts/factions
[18:54:52] Scan SUCCESS: 6 factions found.
[18:54:52] REGISTRY UPDATED: 6 entries indexed.
[18:55:39] Starting Registry Scan in: c:/users/pino4/onedrive/documentos/arma 3 - other profiles/aquafox/mpmissions/test/tanoa_pxg_template.tanoa/scripts/factions
[18:55:39] Scan SUCCESS: 6 factions found.
[18:55:39] REGISTRY UPDATED: 6 entries indexed.
[19:23:30] Saved: Scripts/Factions/BLUFOR/British Armed Forces/Army/Modern/Woodland
[19:27:20] Starting Registry Scan in: c:/users/pino4/onedrive/documentos/arma 3 - other profiles/aquafox/mpmissions/test/tanoa_pxg_template.tanoa/scripts/factions
[19:27:20] Scan SUCCESS: 6 factions found.
[19:27:20] REGISTRY UPDATED: 6 entries indexed.
[19:27:35] Starting Registry Scan in: c:/users/pino4/onedrive/documentos/arma 3 - other profiles/aquafox/mpmissions/test/tanoa_pxg_template.tanoa/scripts/factions
[19:27:35] Scan SUCCESS: 6 factions found.
[19:27:35] Retrying direct write due to lock (1/10): [Errno 13] Permission denied: 'c:\\users\\pino4\\onedrive\\documentos\\arma 3 - other profiles\\aquafox\\mpmissions\\test\\tanoa_pxg_template.tanoa\\scripts\\factions\\factions_registry.sqf'
[19:27:35] Retrying direct write due to lock (2/10): [Errno 13] Permission denied: 'c:\\users\\pino4\\onedrive\\documentos\\arma 3 - other profiles\\aquafox\\mpmissions\\test\\tanoa_pxg_template.tanoa\\scripts\\factions\\factions_registry.sqf'
[19:27:36] Retrying direct write due to lock (3/10): [Errno 13] Permission denied: 'c:\\users\\pino4\\onedrive\\documentos\\arma 3 - other profiles\\aquafox\\mpmissions\\test\\tanoa_pxg_template.tanoa\\scripts\\factions\\factions_registry.sqf'
[19:27:36] Retrying direct write due to lock (4/10): [Errno 13] Permission denied: 'c:\\users\\pino4\\onedrive\\documentos\\arma 3 - other profiles\\aquafox\\mpmissions\\test\\tanoa_pxg_template.tanoa\\scripts\\factions\\factions_registry.sqf'
[19:27:37] Retrying direct write due to lock (5/10): [Errno 13] Permission denied: 'c:\\users\\pino4\\onedrive\\documentos\\arma 3 - other profiles\\aquafox\\mpmissions\\test\\tanoa_pxg_template.tanoa\\scripts\\factions\\factions_registry.sqf'
[19:27:37] Retrying direct write due to lock (6/10): [Errno 13] Permission denied: 'c:\\users\\pino4\\onedrive\\documentos\\arma 3 - other profiles\\aquafox\\mpmissions\\test\\tanoa_pxg_template.tanoa\\scripts\\factions\\factions_registry.sqf'
[19:27:37] Retrying direct write due to lock (7/10): [Errno 13] Permission denied: 'c:\\users\\pino4\\onedrive\\documentos\\arma 3 - other profiles\\aquafox\\mpmissions\\test\\tanoa_pxg_template.tanoa\\scripts\\factions\\factions_registry.sqf'
[19:27:38] Retrying direct write due to lock (8/10): [Errno 13] Permission denied: 'c:\\users\\pino4\\onedrive\\documentos\\arma 3 - other profiles\\aquafox\\mpmissions\\test\\tanoa_pxg_template.tanoa\\scripts\\factions\\factions_registry.sqf'
[19:27:38] Retrying direct write due to lock (9/10): [Errno 13] Permission denied: 'c:\\users\\pino4\\onedrive\\documentos\\arma 3 - other profiles\\aquafox\\mpmissions\\test\\tanoa_pxg_template.tanoa\\scripts\\factions\\factions_registry.sqf'
[19:27:38] FATAL WRITE ERROR after 10 tries: [Errno 13] Permission denied: 'c:\\users\\pino4\\onedrive\\documentos\\arma 3 - other profiles\\aquafox\\mpmissions\\test\\tanoa_pxg_template.tanoa\\scripts\\factions\\factions_registry.sqf'
[19:27:38] FAILED TO WRITE REGISTRY: c:/users/pino4/onedrive/documentos/arma 3 - other profiles/aquafox/mpmissions/test/tanoa_pxg_template.tanoa/scripts/factions/factions_registry.sqf
